<?xml version="1.0" encoding="UTF-8"?>
<testsuite xmlns:xsi="http://www.w3.org/2001/XMLSchema-instance" xsi:noNamespaceSchemaLocation="https://maven.apache.org/surefire/maven-surefire-plugin/xsd/surefire-test-report.xsd" name="com.kochar.AppTest" time="0.342" tests="1" errors="0" skipped="0" failures="0">
  <properties>
    <property name="java.specification.version" value="22"/>
    <property name="sun.cpu.isalist" value="amd64"/>
    <property name="sun.jnu.encoding" value="Cp1252"/>
    <property name="java.class.path" value="C:\Users\shivesh.nurela\Desktop\MVN_LwM2M\lwm2m_server\target\test-classes;C:\Users\shivesh.nurela\Desktop\MVN_LwM2M\lwm2m_server\target\classes;C:\Users\shivesh.nurela\.m2\repository\junit\junit\4.11\junit-4.11.jar;C:\Users\shivesh.nurela\.m2\repository\org\hamcrest\hamcrest-core\1.3\hamcrest-core-1.3.jar;C:\Users\shivesh.nurela\.m2\repository\org\eclipse\leshan\leshan-server-cf\2.0.0-M9\leshan-server-cf-2.0.0-M9.jar;C:\Users\shivesh.nurela\.m2\repository\org\eclipse\leshan\leshan-core-cf\2.0.0-M9\leshan-core-cf-2.0.0-M9.jar;C:\Users\shivesh.nurela\.m2\repository\org\eclipse\californium\cf-oscore\3.7.0\cf-oscore-3.7.0.jar;C:\Users\shivesh.nurela\.m2\repository\org\eclipse\leshan\leshan-server-core\2.0.0-M9\leshan-server-core-2.0.0-M9.jar;C:\Users\shivesh.nurela\.m2\repository\org\eclipse\californium\californium-core\3.7.0\californium-core-3.7.0.jar;C:\Users\shivesh.nurela\.m2\repository\org\eclipse\californium\californium-legal\3.7.0\californium-legal-3.7.0.jar;C:\Users\shivesh.nurela\.m2\repository\org\eclipse\californium\element-connector\3.7.0\element-connector-3.7.0.jar;C:\Users\shivesh.nurela\.m2\repository\org\eclipse\californium\scandium\3.7.0\scandium-3.7.0.jar;C:\Users\shivesh.nurela\.m2\repository\org\eclipse\leshan\leshan-core\2.0.0-M9\leshan-core-2.0.0-M9.jar;C:\Users\shivesh.nurela\.m2\repository\org\slf4j\slf4j-api\1.7.36\slf4j-api-1.7.36.jar;C:\Users\shivesh.nurela\.m2\repository\com\fasterxml\jackson\core\jackson-databind\2.13.4\jackson-databind-2.13.4.jar;C:\Users\shivesh.nurela\.m2\repository\com\fasterxml\jackson\core\jackson-annotations\2.13.4\jackson-annotations-2.13.4.jar;C:\Users\shivesh.nurela\.m2\repository\com\fasterxml\jackson\core\jackson-core\2.13.4\jackson-core-2.13.4.jar;C:\Users\shivesh.nurela\.m2\repository\com\upokecenter\cbor\4.5.2\cbor-4.5.2.jar;C:\Users\shivesh.nurela\.m2\repository\com\github\peteroupc\numbers\1.8.2\numbers-1.8.2.jar;C:\Users\shivesh.nurela\.m2\repository\org\slf4j\slf4j-simple\1.7.30\slf4j-simple-1.7.30.jar;"/>
    <property name="java.vm.vendor" value="Oracle Corporation"/>
    <property name="sun.arch.data.model" value="64"/>
    <property name="user.variant" value=""/>
    <property name="java.vendor.url" value="https://java.oracle.com/"/>
    <property name="user.timezone" value="Asia/Calcutta"/>
    <property name="os.name" value="Windows 10"/>
    <property name="java.vm.specification.version" value="22"/>
    <property name="sun.java.launcher" value="SUN_STANDARD"/>
    <property name="user.country" value="US"/>
    <property name="sun.boot.library.path" value="C:\Program Files\Java\jdk-22\bin"/>
    <property name="sun.java.command" value="C:\Users\SHIVES~1.NUR\AppData\Local\Temp\surefire2394825707258391939\surefirebooter5269615162105685652.jar C:\Users\shivesh.nurela\AppData\Local\Temp\surefire2394825707258391939 2024-07-15T17-46-06_816-jvmRun1 surefire2575525925665029089tmp surefire_016654355282986755131tmp"/>
    <property name="jdk.debug" value="release"/>
    <property name="surefire.test.class.path" value="C:\Users\shivesh.nurela\Desktop\MVN_LwM2M\lwm2m_server\target\test-classes;C:\Users\shivesh.nurela\Desktop\MVN_LwM2M\lwm2m_server\target\classes;C:\Users\shivesh.nurela\.m2\repository\junit\junit\4.11\junit-4.11.jar;C:\Users\shivesh.nurela\.m2\repository\org\hamcrest\hamcrest-core\1.3\hamcrest-core-1.3.jar;C:\Users\shivesh.nurela\.m2\repository\org\eclipse\leshan\leshan-server-cf\2.0.0-M9\leshan-server-cf-2.0.0-M9.jar;C:\Users\shivesh.nurela\.m2\repository\org\eclipse\leshan\leshan-core-cf\2.0.0-M9\leshan-core-cf-2.0.0-M9.jar;C:\Users\shivesh.nurela\.m2\repository\org\eclipse\californium\cf-oscore\3.7.0\cf-oscore-3.7.0.jar;C:\Users\shivesh.nurela\.m2\repository\org\eclipse\leshan\leshan-server-core\2.0.0-M9\leshan-server-core-2.0.0-M9.jar;C:\Users\shivesh.nurela\.m2\repository\org\eclipse\californium\californium-core\3.7.0\californium-core-3.7.0.jar;C:\Users\shivesh.nurela\.m2\repository\org\eclipse\californium\californium-legal\3.7.0\californium-legal-3.7.0.jar;C:\Users\shivesh.nurela\.m2\repository\org\eclipse\californium\element-connector\3.7.0\element-connector-3.7.0.jar;C:\Users\shivesh.nurela\.m2\repository\org\eclipse\californium\scandium\3.7.0\scandium-3.7.0.jar;C:\Users\shivesh.nurela\.m2\repository\org\eclipse\leshan\leshan-core\2.0.0-M9\leshan-core-2.0.0-M9.jar;C:\Users\shivesh.nurela\.m2\repository\org\slf4j\slf4j-api\1.7.36\slf4j-api-1.7.36.jar;C:\Users\shivesh.nurela\.m2\repository\com\fasterxml\jackson\core\jackson-databind\2.13.4\jackson-databind-2.13.4.jar;C:\Users\shivesh.nurela\.m2\repository\com\fasterxml\jackson\core\jackson-annotations\2.13.4\jackson-annotations-2.13.4.jar;C:\Users\shivesh.nurela\.m2\repository\com\fasterxml\jackson\core\jackson-core\2.13.4\jackson-core-2.13.4.jar;C:\Users\shivesh.nurela\.m2\repository\com\upokecenter\cbor\4.5.2\cbor-4.5.2.jar;C:\Users\shivesh.nurela\.m2\repository\com\github\peteroupc\numbers\1.8.2\numbers-1.8.2.jar;C:\Users\shivesh.nurela\.m2\repository\org\slf4j\slf4j-simple\1.7.30\slf4j-simple-1.7.30.jar;"/>
    <property name="sun.cpu.endian" value="little"/>
    <property name="user.home" value="C:\Users\shivesh.nurela"/>
    <property name="user.language" value="en"/>
    <property name="java.specification.vendor" value="Oracle Corporation"/>
    <property name="java.version.date" value="2024-04-16"/>
    <property name="java.home" value="C:\Program Files\Java\jdk-22"/>
    <property name="file.separator" value="\"/>
    <property name="basedir" value="C:\Users\shivesh.nurela\Desktop\MVN_LwM2M\lwm2m_server"/>
    <property name="java.vm.compressedOopsMode" value="32-bit"/>
    <property name="line.separator" value="&#10;"/>
    <property name="java.vm.specification.vendor" value="Oracle Corporation"/>
    <property name="java.specification.name" value="Java Platform API Specification"/>
    <property name="surefire.real.class.path" value="C:\Users\SHIVES~1.NUR\AppData\Local\Temp\surefire2394825707258391939\surefirebooter5269615162105685652.jar"/>
    <property name="user.script" value=""/>
    <property name="sun.management.compiler" value="HotSpot 64-Bit Tiered Compilers"/>
    <property name="java.runtime.version" value="22.0.1+8-16"/>
    <property name="user.name" value="shivesh.nurela"/>
    <property name="stdout.encoding" value="Cp1252"/>
    <property name="path.separator" value=";"/>
    <property name="os.version" value="10.0"/>
    <property name="java.runtime.name" value="Java(TM) SE Runtime Environment"/>
    <property name="file.encoding" value="UTF-8"/>
    <property name="java.vm.name" value="Java HotSpot(TM) 64-Bit Server VM"/>
    <property name="localRepository" value="C:\Users\shivesh.nurela\.m2\repository"/>
    <property name="java.vendor.url.bug" value="https://bugreport.java.com/bugreport/"/>
    <property name="java.io.tmpdir" value="C:\Users\SHIVES~1.NUR\AppData\Local\Temp\"/>
    <property name="java.version" value="22.0.1"/>
    <property name="user.dir" value="C:\Users\shivesh.nurela\Desktop\MVN_LwM2M\lwm2m_server"/>
    <property name="os.arch" value="amd64"/>
    <property name="java.vm.specification.name" value="Java Virtual Machine Specification"/>
    <property name="sun.os.patch.level" value=""/>
    <property name="native.encoding" value="Cp1252"/>
    <property name="java.library.path" value="C:\Program Files\Java\jdk-22\bin;C:\Windows\Sun\Java\bin;C:\Windows\system32;C:\Windows;C:\Program Files\Common Files\Oracle\Java\javapath;C:\Windows\system32;C:\Windows;C:\Windows\System32\Wbem;C:\Windows\System32\WindowsPowerShell\v1.0\;C:\Windows\System32\OpenSSH\;C:\Program Files\Google\Google Apps Sync\;C:\Program Files\Google\Google Apps Migration\;C:\Users\wadmin\AppData\Roaming\nvm;C:\Program Files\nodejs;C:\Program Files\apache-maven-3.9.6\bin;C:\Program Files\Java\jdk-22\bin;C:\Program Files\nodejs\;C:\Users\shivesh.nurela\AppData\Local\Programs\Python\Python312\Scripts\;C:\Users\shivesh.nurela\AppData\Local\Programs\Python\Python312\;C:\Users\shivesh.nurela\AppData\Local\Programs\Python\Launcher\;C:\Users\shivesh.nurela\AppData\Local\Microsoft\WindowsApps;C:\Users\shivesh.nurela\AppData\Local\Programs\Git\cmd;C:\Users\shivesh.nurela\AppData\Local\Programs\Microsoft VS Code\bin;C:\Users\shivesh.nurela\AppData\Roaming\npm;."/>
    <property name="java.vm.info" value="mixed mode, sharing"/>
    <property name="stderr.encoding" value="Cp1252"/>
    <property name="java.vendor" value="Oracle Corporation"/>
    <property name="java.vm.version" value="22.0.1+8-16"/>
    <property name="sun.io.unicode.encoding" value="UnicodeLittle"/>
    <property name="java.class.version" value="66.0"/>
  </properties>
  <testcase name="shouldAnswerWithTrue" classname="com.kochar.AppTest" time="0.039"/>
</testsuite>